0 info it worked if it ends with ok
1 verbose cli [ '/usr/local/bin/node',
1 verbose cli   '/usr/local/bin/npm',
1 verbose cli   'i',
1 verbose cli   '-S',
1 verbose cli   'itsa.io' ]
2 info using npm@2.14.4
3 info using node@v4.1.1
4 verbose install initial load of /Volumes/Data/Marco/Documenten Marco/GitHub/itsa-server.contributor/src/itsa-react-router/package.json
5 warn package.json itsa-react-router@0.0.1 license should be a valid SPDX license expression
6 verbose readDependencies loading dependencies from /Volumes/Data/Marco/Documenten Marco/GitHub/itsa-server.contributor/src/itsa-react-router/package.json
7 silly cache add args [ 'itsa.io', null ]
8 verbose cache add spec itsa.io
9 silly cache add parsed spec Result {
9 silly cache add   raw: 'itsa.io',
9 silly cache add   scope: null,
9 silly cache add   name: 'itsa.io',
9 silly cache add   rawSpec: '',
9 silly cache add   spec: '*',
9 silly cache add   type: 'range' }
10 silly addNamed itsa.io@*
11 verbose addNamed "*" is a valid semver range for itsa.io
12 silly addNameRange { name: 'itsa.io', range: '*', hasData: false }
13 silly mapToRegistry name itsa.io
14 silly mapToRegistry using default registry
15 silly mapToRegistry registry https://registry.npmjs.org/
16 silly mapToRegistry uri https://registry.npmjs.org/itsa.io
17 verbose addNameRange registry:https://registry.npmjs.org/itsa.io not in flight; fetching
18 verbose request uri https://registry.npmjs.org/itsa.io
19 verbose request no auth needed
20 info attempt registry request try #1 at 18:22:59
21 verbose request using bearer token for auth
22 verbose request id 4a5a1c817344b73b
23 http request GET https://registry.npmjs.org/itsa.io
24 http 404 https://registry.npmjs.org/itsa.io
25 verbose headers { 'content-type': 'application/json',
25 verbose headers   'cache-control': 'max-age=0',
25 verbose headers   'content-length': '2',
25 verbose headers   'accept-ranges': 'bytes',
25 verbose headers   date: 'Fri, 23 Oct 2015 16:23:00 GMT',
25 verbose headers   via: '1.1 varnish',
25 verbose headers   connection: 'keep-alive',
25 verbose headers   'x-served-by': 'cache-ams4131-AMS',
25 verbose headers   'x-cache': 'MISS',
25 verbose headers   'x-cache-hits': '0',
25 verbose headers   'x-timer': 'S1445617380.345507,VS0,VE388' }
26 silly get cb [ 404,
26 silly get   { 'content-type': 'application/json',
26 silly get     'cache-control': 'max-age=0',
26 silly get     'content-length': '2',
26 silly get     'accept-ranges': 'bytes',
26 silly get     date: 'Fri, 23 Oct 2015 16:23:00 GMT',
26 silly get     via: '1.1 varnish',
26 silly get     connection: 'keep-alive',
26 silly get     'x-served-by': 'cache-ams4131-AMS',
26 silly get     'x-cache': 'MISS',
26 silly get     'x-cache-hits': '0',
26 silly get     'x-timer': 'S1445617380.345507,VS0,VE388' } ]
27 verbose stack Error: Registry returned 404 for GET on https://registry.npmjs.org/itsa.io
27 verbose stack     at makeError (/usr/local/lib/node_modules/npm/node_modules/npm-registry-client/lib/request.js:263:12)
27 verbose stack     at CachingRegistryClient.<anonymous> (/usr/local/lib/node_modules/npm/node_modules/npm-registry-client/lib/request.js:241:14)
27 verbose stack     at Request._callback (/usr/local/lib/node_modules/npm/node_modules/npm-registry-client/lib/request.js:171:14)
27 verbose stack     at Request.self.callback (/usr/local/lib/node_modules/npm/node_modules/request/request.js:198:22)
27 verbose stack     at emitTwo (events.js:87:13)
27 verbose stack     at Request.emit (events.js:172:7)
27 verbose stack     at Request.<anonymous> (/usr/local/lib/node_modules/npm/node_modules/request/request.js:1073:14)
27 verbose stack     at emitOne (events.js:82:20)
27 verbose stack     at Request.emit (events.js:169:7)
27 verbose stack     at IncomingMessage.<anonymous> (/usr/local/lib/node_modules/npm/node_modules/request/request.js:1019:12)
28 verbose statusCode 404
29 verbose pkgid itsa.io
30 verbose cwd /Volumes/Data/Marco/Documenten Marco/GitHub/itsa-server.contributor/src/itsa-react-router
31 error Darwin 14.5.0
32 error argv "/usr/local/bin/node" "/usr/local/bin/npm" "i" "-S" "itsa.io"
33 error node v4.1.1
34 error npm  v2.14.4
35 error code E404
36 error 404 Registry returned 404 for GET on https://registry.npmjs.org/itsa.io
36 error 404
36 error 404 'itsa.io' is not in the npm registry.
36 error 404 You should bug the author to publish it (or use the name yourself!)
36 error 404 It was specified as a dependency of 'itsa-react-router'
36 error 404
36 error 404 Note that you can also install from a
36 error 404 tarball, folder, http url, or git url.
37 verbose exit [ 1, true ]
